MT_CONF=0
Nthreads: 1  Runtime(sec): 10  Workload: 100/0/0  Throughput(Kops/sec): 26.66
MT_CONF=0,1
Nthreads: 2  Runtime(sec): 10  Workload: 100/0/0  Throughput(Kops/sec): 50.09
MT_CONF=0,1,2,3
Nthreads: 4  Runtime(sec): 10  Workload: 100/0/0  Throughput(Kops/sec): 94.53
MT_CONF=0,1,2,3,4,5,6,7
Nthreads: 8  Runtime(sec): 10  Workload: 100/0/0  Throughput(Kops/sec): 130.63
MT_CONF=0,1,2,3,4,5,6,7,8,9,10,11,12,13,14,15
Nthreads: 16  Runtime(sec): 10  Workload: 100/0/0  Throughput(Kops/sec): 70.32
MT_CONF=0,1,2,3,4,5,6,7,8,9,10,11,12,13,14,15,16,17,18,19,20,21,22,23,24,25,26,27,28,29,30,31
Nthreads: 32  Runtime(sec): 10  Workload: 100/0/0  Throughput(Kops/sec): 36.97
MT_CONF=0,1,2,3,4,5,6,7,8,9,10,11,12,13,14,15,16,17,18,19,20,21,22,23,24,25,26,27,28,29,30,31,32,33,34,35,36,37,38,39,40,41,42,43,44,45,46,47,48,49,50,51,52,53,54,55,56,57,58,59,60,61,62,63
Nthreads: 64  Runtime(sec): 10  Workload: 100/0/0  Throughput(Kops/sec): 15.82
MT_CONF=0,1,2,3,4,5,6,7,8,9,10,11,12,13,14,15,16,17,18,19,20,21,22,23,24,25,26,27,28,29,30,31,32,33,34,35,36,37,38,39,40,41,42,43,44,45,46,47,48,49,50,51,52,53,54,55,56,57,58,59,60,61,62,63,0,1,2,3,4,5,6,7,8,9,10,11,12,13,14,15,16,17,18,19,20,21,22,23,24,25,26,27,28,29,30,31,32,33,34,35,36,37,38,39,40,41,42,43,44,45,46,47,48,49,50,51,52,53,54,55,56,57,58,59,60,61,62,63
Nthreads: 128  Runtime(sec): 10  Workload: 100/0/0  Throughput(Kops/sec):  0.35
MT_CONF=0
Nthreads: 1  Runtime(sec): 10  Workload: 80/10/10  Throughput(Kops/sec): 37.24
MT_CONF=0,1
Nthreads: 2  Runtime(sec): 10  Workload: 80/10/10  Throughput(Kops/sec): 35.46
MT_CONF=0,1,2,3
Nthreads: 4  Runtime(sec): 10  Workload: 80/10/10  Throughput(Kops/sec): 54.41
MT_CONF=0,1,2,3,4,5,6,7
Nthreads: 8  Runtime(sec): 10  Workload: 80/10/10  Throughput(Kops/sec): 85.74
MT_CONF=0,1,2,3,4,5,6,7,8,9,10,11,12,13,14,15
Nthreads: 16  Runtime(sec): 10  Workload: 80/10/10  Throughput(Kops/sec): 48.74
MT_CONF=0,1,2,3,4,5,6,7,8,9,10,11,12,13,14,15,16,17,18,19,20,21,22,23,24,25,26,27,28,29,30,31
Nthreads: 32  Runtime(sec): 10  Workload: 80/10/10  Throughput(Kops/sec): 56.07
MT_CONF=0,1,2,3,4,5,6,7,8,9,10,11,12,13,14,15,16,17,18,19,20,21,22,23,24,25,26,27,28,29,30,31,32,33,34,35,36,37,38,39,40,41,42,43,44,45,46,47,48,49,50,51,52,53,54,55,56,57,58,59,60,61,62,63
Nthreads: 64  Runtime(sec): 10  Workload: 80/10/10  Throughput(Kops/sec): 65.60
MT_CONF=0,1,2,3,4,5,6,7,8,9,10,11,12,13,14,15,16,17,18,19,20,21,22,23,24,25,26,27,28,29,30,31,32,33,34,35,36,37,38,39,40,41,42,43,44,45,46,47,48,49,50,51,52,53,54,55,56,57,58,59,60,61,62,63,0,1,2,3,4,5,6,7,8,9,10,11,12,13,14,15,16,17,18,19,20,21,22,23,24,25,26,27,28,29,30,31,32,33,34,35,36,37,38,39,40,41,42,43,44,45,46,47,48,49,50,51,52,53,54,55,56,57,58,59,60,61,62,63
Nthreads: 128  Runtime(sec): 10  Workload: 80/10/10  Throughput(Kops/sec):  0.37
MT_CONF=0
Nthreads: 1  Runtime(sec): 10  Workload: 20/40/40  Throughput(Kops/sec): 38.86
MT_CONF=0,1
Nthreads: 2  Runtime(sec): 10  Workload: 20/40/40  Throughput(Kops/sec): 33.72
MT_CONF=0,1,2,3
Nthreads: 4  Runtime(sec): 10  Workload: 20/40/40  Throughput(Kops/sec): 51.45
MT_CONF=0,1,2,3,4,5,6,7
Nthreads: 8  Runtime(sec): 10  Workload: 20/40/40  Throughput(Kops/sec): 81.64
MT_CONF=0,1,2,3,4,5,6,7,8,9,10,11,12,13,14,15
Nthreads: 16  Runtime(sec): 10  Workload: 20/40/40  Throughput(Kops/sec): 47.26
MT_CONF=0,1,2,3,4,5,6,7,8,9,10,11,12,13,14,15,16,17,18,19,20,21,22,23,24,25,26,27,28,29,30,31
Nthreads: 32  Runtime(sec): 10  Workload: 20/40/40  Throughput(Kops/sec): 58.95
MT_CONF=0,1,2,3,4,5,6,7,8,9,10,11,12,13,14,15,16,17,18,19,20,21,22,23,24,25,26,27,28,29,30,31,32,33,34,35,36,37,38,39,40,41,42,43,44,45,46,47,48,49,50,51,52,53,54,55,56,57,58,59,60,61,62,63
Nthreads: 64  Runtime(sec): 10  Workload: 20/40/40  Throughput(Kops/sec): 90.02
MT_CONF=0,1,2,3,4,5,6,7,8,9,10,11,12,13,14,15,16,17,18,19,20,21,22,23,24,25,26,27,28,29,30,31,32,33,34,35,36,37,38,39,40,41,42,43,44,45,46,47,48,49,50,51,52,53,54,55,56,57,58,59,60,61,62,63,0,1,2,3,4,5,6,7,8,9,10,11,12,13,14,15,16,17,18,19,20,21,22,23,24,25,26,27,28,29,30,31,32,33,34,35,36,37,38,39,40,41,42,43,44,45,46,47,48,49,50,51,52,53,54,55,56,57,58,59,60,61,62,63
Nthreads: 128  Runtime(sec): 10  Workload: 20/40/40  Throughput(Kops/sec):  0.38
MT_CONF=0
Nthreads: 1  Runtime(sec): 10  Workload: 0/50/50  Throughput(Kops/sec): 38.39
MT_CONF=0,1
Nthreads: 2  Runtime(sec): 10  Workload: 0/50/50  Throughput(Kops/sec): 32.95
MT_CONF=0,1,2,3
Nthreads: 4  Runtime(sec): 10  Workload: 0/50/50  Throughput(Kops/sec): 50.70
MT_CONF=0,1,2,3,4,5,6,7
Nthreads: 8  Runtime(sec): 10  Workload: 0/50/50  Throughput(Kops/sec): 80.88
MT_CONF=0,1,2,3,4,5,6,7,8,9,10,11,12,13,14,15
Nthreads: 16  Runtime(sec): 10  Workload: 0/50/50  Throughput(Kops/sec): 47.09
MT_CONF=0,1,2,3,4,5,6,7,8,9,10,11,12,13,14,15,16,17,18,19,20,21,22,23,24,25,26,27,28,29,30,31
Nthreads: 32  Runtime(sec): 10  Workload: 0/50/50  Throughput(Kops/sec): 59.27
MT_CONF=0,1,2,3,4,5,6,7,8,9,10,11,12,13,14,15,16,17,18,19,20,21,22,23,24,25,26,27,28,29,30,31,32,33,34,35,36,37,38,39,40,41,42,43,44,45,46,47,48,49,50,51,52,53,54,55,56,57,58,59,60,61,62,63
Nthreads: 64  Runtime(sec): 10  Workload: 0/50/50  Throughput(Kops/sec): 91.91
MT_CONF=0,1,2,3,4,5,6,7,8,9,10,11,12,13,14,15,16,17,18,19,20,21,22,23,24,25,26,27,28,29,30,31,32,33,34,35,36,37,38,39,40,41,42,43,44,45,46,47,48,49,50,51,52,53,54,55,56,57,58,59,60,61,62,63,0,1,2,3,4,5,6,7,8,9,10,11,12,13,14,15,16,17,18,19,20,21,22,23,24,25,26,27,28,29,30,31,32,33,34,35,36,37,38,39,40,41,42,43,44,45,46,47,48,49,50,51,52,53,54,55,56,57,58,59,60,61,62,63
Nthreads: 128  Runtime(sec): 10  Workload: 0/50/50  Throughput(Kops/sec):  0.57
